<?xml version="1.0" encoding="UTF-8"?>
<testng-results ignored="0" total="1" passed="1" failed="0" skipped="0">
  <reporter-output>
  </reporter-output>
  <suite started-at="2021-11-14T15:03:46 MSK" name="WebDriverTest" finished-at="2021-11-14T15:04:25 MSK" duration-ms="38226">
    <groups>
    </groups>
    <test started-at="2021-11-14T15:03:46 MSK" name="Command line test" finished-at="2021-11-14T15:04:25 MSK" duration-ms="38226">
      <class name="WebDriverTest">
        <test-method signature="main()[pri:0, instance:WebDriverTest@7181ae3f]" started-at="2021-11-14T15:03:46 MSK" name="main" finished-at="2021-11-14T15:04:25 MSK" duration-ms="38195" status="PASS">
          <reporter-output>
          </reporter-output>
        </test-method> <!-- main -->
      </class> <!-- WebDriverTest -->
    </test> <!-- Command line test -->
  </suite> <!-- WebDriverTest -->
</testng-results>
